<?xml version="1.0" encoding="UTF-8"?>
<beans xmlns:xsi="http://www.w3.org/2001/XMLSchema-instance" xmlns="http://www.springframework.org/schema/beans"
    xmlns:context="http://www.springframework.org/schema/context" xmlns:tx="http://www.springframework.org/schema/tx"
    xmlns:jdbc="http://www.springframework.org/schema/jdbc" xmlns:aop="http://www.springframework.org/schema/aop"
    xmlns:mvc="http://www.springframework.org/schema/mvc"
    xsi:schemaLocation="http://www.springframework.org/schema/beans http://www.springframework.org/schema/beans/spring-beans-3.2.xsd 
		http://www.springframework.org/schema/context http://www.springframework.org/schema/context/spring-context-3.2.xsd
		http://www.springframework.org/schema/tx http://www.springframework.org/schema/tx/spring-tx-3.2.xsd
		http://www.springframework.org/schema/jdbc http://www.springframework.org/schema/jdbc/spring-jdbc-3.2.xsd
		http://www.springframework.org/schema/aop http://www.springframework.org/schema/aop/spring-aop-3.2.xsd
        http://www.springframework.org/schema/mvc http://www.springframework.org/schema/mvc/spring-mvc-3.2.xsd">
    <bean class="org.springframework.beans.factory.config.CustomScopeConfigurer">
        <property name="scopes">
            <map>
                <entry key="thread">
                    <bean class="org.springframework.context.support.SimpleThreadScope" />
                </entry>
                <!-- <entry key="request">
                    <bean class="org.springframework.web.context.request.RequestScope" />
                </entry> -->
            </map>
        </property>
    </bean>

    <bean id="thread" class="zpark.test.scope.ScopeObject" scope="thread">
        <aop:scoped-proxy />
    </bean>

    <bean id="service" class="zpark.test.scope.ScopeService">
        <property name="object" ref="thread" />
    </bean>

    <bean id="request" class="zpark.test.scope.ScopeObject" scope="request">
        <aop:scoped-proxy />
    </bean>
    
    <bean id="session" class="zpark.test.scope.ScopeObject" scope="session">
        <aop:scoped-proxy />
    </bean>

    <bean id="action" class="zpark.test.scope.ScopeController">
        <property name="requestScopeObject" ref="request" />
        <property name="sessionScopeObject" ref="session"/>
    </bean>

    <mvc:annotation-driven />
</beans>