<?xml version="1.0" encoding="UTF-8"?>
<beans xmlns:xsi="http://www.w3.org/2001/XMLSchema-instance" xmlns="http://www.springframework.org/schema/beans"
    xmlns:context="http://www.springframework.org/schema/context" xmlns:tx="http://www.springframework.org/schema/tx"
    xmlns:jdbc="http://www.springframework.org/schema/jdbc" xmlns:aop="http://www.springframework.org/schema/aop"
    xsi:schemaLocation="http://www.springframework.org/schema/beans http://www.springframework.org/schema/beans/spring-beans-3.2.xsd 
		http://www.springframework.org/schema/context http://www.springframework.org/schema/context/spring-context-3.2.xsd
		http://www.springframework.org/schema/tx http://www.springframework.org/schema/tx/spring-tx-3.2.xsd
		http://www.springframework.org/schema/jdbc http://www.springframework.org/schema/jdbc/spring-jdbc-3.2.xsd
		http://www.springframework.org/schema/aop http://www.springframework.org/schema/aop/spring-aop-3.2.xsd">
    <context:property-placeholder location="classpath:db_mysql.properties" />
    <bean id="dataSource" class="org.springframework.jdbc.datasource.DriverManagerDataSource">
        <property name="driverClassName" value="${jdbc.driver}" />
        <property name="url" value="${jdbc.url}" />
        <property name="username" value="${jdbc.username}" />
        <property name="password" value="${jdbc.password}" />
    </bean>

    <bean id="transactionManager" class="org.springframework.orm.hibernate3.HibernateTransactionManager">
        <property name="sessionFactory" ref="sessionFactory"></property>
    </bean>
    
    <bean id="sessionFactory" class="org.springframework.orm.hibernate3.annotation.AnnotationSessionFactoryBean">
        <property name="dataSource" ref="dataSource"></property>
        <property name="hibernateProperties">
            <props>
                <prop key="hibernate.dialect">${hibernate.dialect}</prop>
                <prop key="hibernate.hbm2ddl.auto">create</prop>
            </props>
        </property>
        <property name="packagesToScan" value="zpark.test.tx" />
    </bean>

    <tx:advice id="required_required">
        <tx:attributes>
            <tx:method name="a" propagation="REQUIRED" />
            <tx:method name="b" propagation="REQUIRED" />
        </tx:attributes>
    </tx:advice>
    
    <tx:advice id="supports_required">
        <tx:attributes>
            <tx:method name="a" propagation="SUPPORTS" />
            <tx:method name="b" propagation="REQUIRED" />
        </tx:attributes>
    </tx:advice>
    
    <tx:advice id="required_requires_new">
        <tx:attributes>
            <tx:method name="a" propagation="REQUIRED" />
            <tx:method name="b" propagation="REQUIRES_NEW" />
        </tx:attributes>
    </tx:advice>
    
    <tx:advice id="required_supports_readonly">
        <tx:attributes>
            <tx:method name="a" propagation="REQUIRED" />
            <tx:method name="b" propagation="SUPPORTS" read-only="true"/>
        </tx:attributes>
    </tx:advice>

    <bean id="b" class="zpark.test.tx.ServiceB"></bean>
    <bean id="a" class="zpark.test.tx.ServiceA"></bean>
</beans>
