<?xml version="1.0" encoding="UTF-8"?>
<beans xmlns:xsi="http://www.w3.org/2001/XMLSchema-instance" xmlns="http://www.springframework.org/schema/beans"
    xmlns:context="http://www.springframework.org/schema/context" xmlns:tx="http://www.springframework.org/schema/tx"
    xmlns:jdbc="http://www.springframework.org/schema/jdbc" xmlns:aop="http://www.springframework.org/schema/aop"
    xmlns:mvc="http://www.springframework.org/schema/mvc"
    xsi:schemaLocation="http://www.springframework.org/schema/beans http://www.springframework.org/schema/beans/spring-beans-3.2.xsd 
		http://www.springframework.org/schema/context http://www.springframework.org/schema/context/spring-context-3.2.xsd
		http://www.springframework.org/schema/tx http://www.springframework.org/schema/tx/spring-tx-3.2.xsd
		http://www.springframework.org/schema/jdbc http://www.springframework.org/schema/jdbc/spring-jdbc-3.2.xsd
		http://www.springframework.org/schema/aop http://www.springframework.org/schema/aop/spring-aop-3.2.xsd
        http://www.springframework.org/schema/mvc http://www.springframework.org/schema/mvc/spring-mvc-3.2.xsd">


    <bean id="action" class="zpark.test.mvc.TestController"></bean>
    
    <bean name="/simple" class="zpark.test.mvc.SimpleController"></bean>
    
    <bean class="org.springframework.web.servlet.view.InternalResourceViewResolver"></bean>

    <mvc:annotation-driven />
    
    <mvc:interceptors>
        <bean class="zpark.test.mvc.I1"></bean>
        <mvc:interceptor>
            <mvc:mapping path="/si*"/>
            <bean class="zpark.test.mvc.I2"></bean>
        </mvc:interceptor>
    </mvc:interceptors>
</beans>